<?xml version="1.0" encoding="UTF-8"?>
<!-- Generated by org.testng.reporters.JUnitReportReporter -->
<testsuite hostname="L1123.local" name="runner.AllRunner" tests="2" failures="1" timestamp="22 Jun 2021 06:31:14 GMT" time="66.854" errors="1">
  <testcase name="runScenario" time="37.885" classname="runner.AllRunner">
    <error type="org.openqa.selenium.ElementNotVisibleException" message="Proxy element for: DefaultElementLocator &#039;By.xpath: //span[contains(text(),&#039;on your mind&#039;)]&#039; is not visible
Build info: version: &#039;3.13.0&#039;, revision: &#039;2f0d292&#039;, time: &#039;2018-06-25T15:24:21.231Z&#039;
System info: host: &#039;L1123.local&#039;, ip: &#039;fe80:0:0:0:1496:b607:27f6:e93b%en0&#039;, os.name: &#039;Mac OS X&#039;, os.arch: &#039;x86_64&#039;, os.version: &#039;10.15.7&#039;, java.version: &#039;1.8.0_275&#039;
Driver info: driver.version: unknown">
      <![CDATA[org.openqa.selenium.ElementNotVisibleException: Proxy element for: DefaultElementLocator 'By.xpath: //span[contains(text(),'on your mind')]' is not visible
Build info: version: '3.13.0', revision: '2f0d292', time: '2018-06-25T15:24:21.231Z'
System info: host: 'L1123.local', ip: 'fe80:0:0:0:1496:b607:27f6:e93b%en0', os.name: 'Mac OS X', os.arch: 'x86_64', os.version: '10.15.7', java.version: '1.8.0_275'
Driver info: driver.version: unknown
	at com.walletHub.Pages.Assignment1.NewsFeed.doPost(NewsFeed.java:37)
	at stepFiles.Assignment1.NewsFeedSteps.userDoPostAs(NewsFeedSteps.java:19)
	at ✽.user do post as "Hello world"(src/test/java/FeatureFiles/Assignment1.feature:12)
]]>
    </error>
  </testcase> <!-- runScenario -->
  <testcase name="runScenario" time="28.969" classname="runner.AllRunner">
    <failure type="java.lang.AssertionError" message="Verification failed, Expected review count is 4 and actual review count is 0 expected [4] but found [0]">
      <![CDATA[java.lang.AssertionError: Verification failed, Expected review count is 4 and actual review count is 0 expected [4] but found [0]
	at org.testng.Assert.fail(Assert.java:94)
	at org.testng.Assert.failNotEquals(Assert.java:496)
	at org.testng.Assert.assertEquals(Assert.java:125)
	at org.testng.Assert.assertEquals(Assert.java:372)
	at stepFiles.Assignment2.ProfilePageSteps.verifyReviewedStarCountAs(ProfilePageSteps.java:23)
	at ✽.Verify reviewed star count as <4>(src/test/java/FeatureFiles/Assignment2.feature:21)
]]>
    </failure>
  </testcase> <!-- runScenario -->
</testsuite> <!-- runner.AllRunner -->
